23:37:14.534 [main] INFO  api.test.UserTests - ******User is created *****
23:37:14.768 [main] INFO  api.test.UserTests - ******User infor is displayed *****
23:37:14.770 [main] INFO  api.test.UserTests - ******Updating User *****
23:37:15.060 [main] INFO  api.test.UserTests - ******User is Updated*****
23:37:15.627 [main] INFO  api.test.UserTests - ******User is deleted *****
01:18:41.423 [main] INFO  api.test.UserTests - ******User is created *****
01:18:41.692 [main] INFO  api.test.UserTests - ******User infor is displayed *****
01:18:41.693 [main] INFO  api.test.UserTests - ******Updating User *****
01:18:41.869 [main] INFO  api.test.UserTests - ******User is Updated*****
01:18:42.288 [main] INFO  api.test.UserTests - ******User is deleted *****
01:20:53.280 [main] INFO  api.test.UserTests - ******User is created *****
01:20:53.501 [main] INFO  api.test.UserTests - ******User infor is displayed *****
01:20:53.503 [main] INFO  api.test.UserTests - ******Updating User *****
01:20:53.743 [main] INFO  api.test.UserTests - ******User is Updated*****
01:20:54.101 [main] INFO  api.test.UserTests - ******User is deleted *****
01:22:37.267 [main] INFO  api.test.UserTests - ******User is created *****
01:22:37.487 [main] INFO  api.test.UserTests - ******User infor is displayed *****
01:22:37.491 [main] INFO  api.test.UserTests - ******Updating User *****
01:22:37.648 [main] INFO  api.test.UserTests - ******User is Updated*****
01:22:38.266 [main] INFO  api.test.UserTests - ******User is deleted *****
01:27:32.100 [main] INFO  api.test.UserTests - ******User is created *****
01:27:32.357 [main] INFO  api.test.UserTests - ******User infor is displayed *****
01:27:32.359 [main] INFO  api.test.UserTests - ******Updating User *****
01:27:32.623 [main] INFO  api.test.UserTests - ******User is Updated*****
01:27:33.155 [main] INFO  api.test.UserTests - ******User is deleted *****
01:42:02.398 [main] INFO  api.test.UserTests - ******User is created *****
01:42:02.582 [main] INFO  api.test.UserTests - ******User infor is displayed *****
01:42:02.586 [main] INFO  api.test.UserTests - ******Updating User *****
01:42:02.844 [main] INFO  api.test.UserTests - ******User is Updated*****
01:42:03.266 [main] INFO  api.test.UserTests - ******User is deleted *****
